2025-07-22 13:58:18 



















2025-07-22 13:58:18 venecoin version v1.14.99.0-2c513d017-dirty
2025-07-22 13:58:18 InitParameterInteraction: parameter interaction: -whitelistforcerelay=1 -> setting -whitelistrelay=1
2025-07-22 13:58:18 Assuming ancestors of block e7d4577405223918491477db725a393bcfc349d8ee63b0a4fde23cbfbfd81dea have valid signatures.
2025-07-22 13:58:18 Using RdRand as an additional entropy source
2025-07-22 13:58:18 Default data directory C:\Users\PC\AppData\Roaming\venecoin
2025-07-22 13:58:18 Using data directory C:\Users\PC\Nueva carpeta (6)\venecoin\data
2025-07-22 13:58:18 Set backupdir "C:\Users\PC\Nueva carpeta (6)\venecoin\data\backups"
2025-07-22 13:58:18 Using backup directory C:\Users\PC\Nueva carpeta (6)\venecoin\data\backups
2025-07-22 13:58:18 Using config file C:\Users\PC\Nueva carpeta (6)\venecoin\data\venecoin.conf
2025-07-22 13:58:18 Using at most 125 automatic connections (2048 file descriptors available)
2025-07-22 13:58:18 Using 32 MiB out of 32 requested for signature cache, able to store 1048576 elements
2025-07-22 13:58:18 Using 4 threads for script verification
2025-07-22 13:58:18 scheduler thread start
2025-07-22 13:58:18 Allowing HTTP connections from: 127.0.0.0/8 ::1/128 127.0.0.1/32 
2025-07-22 13:58:18 Binding RPC on address 127.0.0.1 port 22557
2025-07-22 13:58:18 HTTP: creating work queue of depth 16
2025-07-22 13:58:18 Config options rpcuser and rpcpassword will soon be deprecated. Locally-run instances may remove rpcuser to use cookie-based auth, or may be replaced with rpcauth. Please see share/rpcuser for rpcauth auth generation.
2025-07-22 13:58:18 HTTP: starting 4 worker threads
2025-07-22 13:58:18 Using BerkeleyDB version Berkeley DB 5.3.28: (September  9, 2013)
2025-07-22 13:58:18 Using wallet wallet.dat
2025-07-22 13:58:18 init message: Verifying wallet...
2025-07-22 13:58:18 CDBEnv::Open: LogDir=C:\Users\PC\Nueva carpeta (6)\venecoin\data\database ErrorFile=C:\Users\PC\Nueva carpeta (6)\venecoin\data\db.log
2025-07-22 13:58:18 Bound to [::]:23556
2025-07-22 13:58:18 Bound to 0.0.0.0:23556
2025-07-22 13:58:18 Cache configuration:
2025-07-22 13:58:18 * Using 2.0MiB for block index database
2025-07-22 13:58:18 * Using 8.0MiB for chain state database
2025-07-22 13:58:18 * Using 440.0MiB for in-memory UTXO set (plus up to 286.1MiB of unused mempool space)
2025-07-22 13:58:18 init message: Loading block index...
2025-07-22 13:58:18 Opening LevelDB in C:\Users\PC\Nueva carpeta (6)\venecoin\data\blocks\index
2025-07-22 13:58:18 Opened LevelDB successfully
2025-07-22 13:58:18 Using obfuscation key for C:\Users\PC\Nueva carpeta (6)\venecoin\data\blocks\index: 0000000000000000
2025-07-22 13:58:18 Opening LevelDB in C:\Users\PC\Nueva carpeta (6)\venecoin\data\chainstate
2025-07-22 13:58:18 Opened LevelDB successfully
2025-07-22 13:58:18 Wrote new obfuscate key for C:\Users\PC\Nueva carpeta (6)\venecoin\data\chainstate: e35b5094e2c8ff34
2025-07-22 13:58:18 Using obfuscation key for C:\Users\PC\Nueva carpeta (6)\venecoin\data\chainstate: e35b5094e2c8ff34
2025-07-22 13:58:18 LoadBlockIndexDB: last block file = 0
2025-07-22 13:58:18 LoadBlockIndexDB: last block file info: CBlockFileInfo(blocks=0, size=0, heights=0...0, time=1970-01-01...1970-01-01)
2025-07-22 13:58:18 Checking all blk files are present...
2025-07-22 13:58:18 LoadBlockIndexDB: transaction index disabled
2025-07-22 13:58:18 Initializing databases...
2025-07-22 13:58:18 Pre-allocating up to position 0x1000000 in blk00000.dat
2025-07-22 13:58:18 init message: Verifying blocks...
2025-07-22 13:58:18  block index             361ms
2025-07-22 13:58:18 init message: Loading wallet...
2025-07-22 13:58:19 nFileVersion = 1149900
2025-07-22 13:58:19 Keys: 0 plaintext, 0 encrypted, 0 w/ metadata, 0 total
2025-07-22 13:58:19 Performing wallet upgrade to 60000
2025-07-22 13:58:19 keypool added key 1, size=1
2025-07-22 13:58:20 ThreadRPCServer incorrect password attempt from 127.0.0.1:49210
2025-07-22 13:58:20 keypool added key 2, size=2
2025-07-22 13:58:20 keypool added key 3, size=3
2025-07-22 13:58:20 keypool added key 4, size=4
2025-07-22 13:58:20 keypool added key 5, size=5
2025-07-22 13:58:21 keypool added key 6, size=6
2025-07-22 13:58:21 keypool added key 7, size=7
2025-07-22 13:58:21 keypool added key 8, size=8
2025-07-22 13:58:21 keypool added key 9, size=9
2025-07-22 13:58:21 keypool added key 10, size=10
2025-07-22 13:58:22 keypool added key 11, size=11
2025-07-22 13:58:22 keypool added key 12, size=12
2025-07-22 13:58:22 keypool added key 13, size=13
2025-07-22 13:58:22 keypool added key 14, size=14
2025-07-22 13:58:23 keypool added key 15, size=15
2025-07-22 13:58:23 keypool added key 16, size=16
2025-07-22 13:58:23 keypool added key 17, size=17
2025-07-22 13:58:23 keypool added key 18, size=18
2025-07-22 13:58:24 keypool added key 19, size=19
2025-07-22 13:58:24 keypool added key 20, size=20
2025-07-22 13:58:24 keypool added key 21, size=21
2025-07-22 13:58:24 keypool added key 22, size=22
2025-07-22 13:58:25 keypool added key 23, size=23
2025-07-22 13:58:25 keypool added key 24, size=24
2025-07-22 13:58:25 keypool added key 25, size=25
2025-07-22 13:58:25 keypool added key 26, size=26
2025-07-22 13:58:25 keypool added key 27, size=27
2025-07-22 13:58:26 keypool added key 28, size=28
2025-07-22 13:58:26 keypool added key 29, size=29
2025-07-22 13:58:26 keypool added key 30, size=30
2025-07-22 13:58:26 keypool added key 31, size=31
2025-07-22 13:58:27 keypool added key 32, size=32
2025-07-22 13:58:27 keypool added key 33, size=33
2025-07-22 13:58:27 keypool added key 34, size=34
2025-07-22 13:58:27 keypool added key 35, size=35
2025-07-22 13:58:28 keypool added key 36, size=36
2025-07-22 13:58:28 keypool added key 37, size=37
2025-07-22 13:58:28 keypool added key 38, size=38
2025-07-22 13:58:28 keypool added key 39, size=39
2025-07-22 13:58:29 keypool added key 40, size=40
2025-07-22 13:58:29 keypool added key 41, size=41
2025-07-22 13:58:29 keypool added key 42, size=42
2025-07-22 13:58:30 keypool added key 43, size=43
2025-07-22 13:58:30 keypool added key 44, size=44
2025-07-22 13:58:30 keypool added key 45, size=45
2025-07-22 13:58:30 keypool added key 46, size=46
2025-07-22 13:58:31 keypool added key 47, size=47
2025-07-22 13:58:31 keypool added key 48, size=48
2025-07-22 13:58:31 keypool added key 49, size=49
2025-07-22 13:58:31 keypool added key 50, size=50
2025-07-22 13:58:31 keypool added key 51, size=51
2025-07-22 13:58:32 keypool added key 52, size=52
2025-07-22 13:58:32 keypool added key 53, size=53
2025-07-22 13:58:32 keypool added key 54, size=54
2025-07-22 13:58:32 keypool added key 55, size=55
2025-07-22 13:58:33 keypool added key 56, size=56
2025-07-22 13:58:33 keypool added key 57, size=57
2025-07-22 13:58:33 keypool added key 58, size=58
2025-07-22 13:58:33 keypool added key 59, size=59
2025-07-22 13:58:34 keypool added key 60, size=60
2025-07-22 13:58:34 keypool added key 61, size=61
2025-07-22 13:58:34 keypool added key 62, size=62
2025-07-22 13:58:34 keypool added key 63, size=63
2025-07-22 13:58:35 keypool added key 64, size=64
2025-07-22 13:58:35 keypool added key 65, size=65
2025-07-22 13:58:35 keypool added key 66, size=66
2025-07-22 13:58:35 keypool added key 67, size=67
2025-07-22 13:58:36 keypool added key 68, size=68
2025-07-22 13:58:36 keypool added key 69, size=69
2025-07-22 13:58:36 keypool added key 70, size=70
2025-07-22 13:58:36 keypool added key 71, size=71
2025-07-22 13:58:37 keypool added key 72, size=72
2025-07-22 13:58:37 keypool added key 73, size=73
2025-07-22 13:58:37 keypool added key 74, size=74
2025-07-22 13:58:37 keypool added key 75, size=75
2025-07-22 13:58:37 keypool added key 76, size=76
2025-07-22 13:58:38 keypool added key 77, size=77
2025-07-22 13:58:38 keypool added key 78, size=78
2025-07-22 13:58:38 keypool added key 79, size=79
2025-07-22 13:58:38 keypool added key 80, size=80
2025-07-22 13:58:39 keypool added key 81, size=81
2025-07-22 13:58:39 keypool added key 82, size=82
2025-07-22 13:58:39 keypool added key 83, size=83
2025-07-22 13:58:39 keypool added key 84, size=84
2025-07-22 13:58:40 keypool added key 85, size=85
2025-07-22 13:58:40 keypool added key 86, size=86
2025-07-22 13:58:40 keypool added key 87, size=87
2025-07-22 13:58:40 keypool added key 88, size=88
2025-07-22 13:58:41 keypool added key 89, size=89
2025-07-22 13:58:41 keypool added key 90, size=90
2025-07-22 13:58:41 keypool added key 91, size=91
2025-07-22 13:58:41 keypool added key 92, size=92
2025-07-22 13:58:41 keypool added key 93, size=93
2025-07-22 13:58:42 keypool added key 94, size=94
2025-07-22 13:58:42 keypool added key 95, size=95
2025-07-22 13:58:42 keypool added key 96, size=96
2025-07-22 13:58:42 keypool added key 97, size=97
2025-07-22 13:58:43 keypool added key 98, size=98
2025-07-22 13:58:43 keypool added key 99, size=99
2025-07-22 13:58:43 keypool added key 100, size=100
2025-07-22 13:58:43 keypool added key 101, size=101
2025-07-22 13:58:43 keypool reserve 1
2025-07-22 13:58:44 keypool keep 1
2025-07-22 13:58:44  wallet                25651ms
2025-07-22 13:58:44 setKeyPool.size() = 100
2025-07-22 13:58:44 mapWallet.size() = 0
2025-07-22 13:58:44 mapAddressBook.size() = 1
2025-07-22 13:58:44 UpdateTip: new best=f3afcbe1e098741c98e28dc9f89cb03921ad42fff40738aea5b687c0ad3ab244 height=0 version=0x00000001 log2_work=20.000022 tx=1 date='2025-07-01 00:00:00' progress=1.000000 cache=0.0MiB(0tx)
2025-07-22 13:58:44 Failed to open mempool file from disk. Continuing anyway.
2025-07-22 13:58:44 mapBlockIndex.size() = 1
2025-07-22 13:58:44 nBestHeight = 0
2025-07-22 13:58:44 torcontrol thread start
2025-07-22 13:58:44 AddLocal(25.34.192.199:23556,1)
2025-07-22 13:58:44 Discover: PC - 25.34.192.199
2025-07-22 13:58:44 AddLocal([2620:9b::1922:c0c7]:23556,1)
2025-07-22 13:58:44 Discover: PC - 2620:9b::1922:c0c7
2025-07-22 13:58:44 init message: Loading addresses...
2025-07-22 13:58:44 ERROR: Read: Failed to open file C:\Users\PC\Nueva carpeta (6)\venecoin\data\peers.dat
2025-07-22 13:58:44 Invalid or missing peers.dat; recreating
2025-07-22 13:58:44 init message: Loading banlist...
2025-07-22 13:58:44 ERROR: Read: Failed to open file C:\Users\PC\Nueva carpeta (6)\venecoin\data\banlist.dat
2025-07-22 13:58:44 Invalid or missing banlist.dat; recreating
2025-07-22 13:58:44 init message: Starting network threads...
2025-07-22 13:58:44 DNS seeding disabled
2025-07-22 13:58:44 net thread start
2025-07-22 13:58:44 init message: Done loading
2025-07-22 13:58:44 addcon thread start
2025-07-22 13:58:44 opencon thread start
2025-07-22 13:58:44 msghand thread start
2025-07-22 13:58:50 ThreadRPCServer incorrect password attempt from 127.0.0.1:49256
2025-07-22 13:59:20 ThreadRPCServer incorrect password attempt from 127.0.0.1:49302
